  stdafx.cpp
  quaterion.cpp
  flow.cpp
  正在生成代码...
  正在跳过...(未检测到相关更改)
  wheel_test.cpp
  var_def_test.cpp
  var_def.cpp
  translate_test.cpp
  token.cpp
  test_opt2.cpp
  test_opt1.cpp
  term.cpp
  syntax_error.cpp
  syntax.cpp
  symbol_utils.cpp
  symbol_table_test.cpp
  symbol_table.cpp
  symbol.cpp
  switch.cpp
  statement.cpp
  start.cpp
  stack_test.cpp
  scanf.cpp
  return.cpp
  retract_token_test.cpp
  regex_handler.cpp
  quaterion_test.cpp
  quaterion_table.cpp
  printf.cpp
  mips_utils.cpp
  mips_table_translate_functional.cpp
  mips_table_translate_arithmetic.cpp
  mips_table_map.cpp
  mips_strategies.cpp
  mips_data.cpp
  mips_code_utils.cpp
  mips_code.cpp
  match_pattern.cpp
  lexical_error.cpp
  lexer_test.cpp
  lexer.cpp
  if.cpp
  func_def_test.cpp
  func_def_block.cpp
  func_def.cpp
  for.cpp
  factor.cpp
  expression.cpp
  dataset.cpp
  const_def_test.cpp
  const_def.cpp
  const.cpp
  call_func.cpp
  basicblock.cpp
  assign_test.cpp
  assign.cpp
  activity.cpp
  C0Compiler.cpp
  C0Compiler.vcxproj -> D:\C0CompilerForVS2010\C0Compiler\Debug\C0Compiler.exe
